100000000.0 7.102635810702885e-48
530434782.6086956 5.813975915065926e-49
960869565.2173913 2.3846505064731064e-49
1391304347.826087 1.3686369080677062e-49
1821739130.4347825 9.134656389296057e-50
2252173913.043478 6.645361820312187e-50
2682608695.652174 5.11193755720742e-50
3113043478.2608695 4.089250951956141e-50
3543478260.869565 3.3672618647445793e-50
3973913043.4782605 2.8352673561628797e-50
4404347826.086956 2.429960132271575e-50
4834782608.695652 2.112789061008834e-50
5265217391.304348 1.859075850009193e-50
5695652173.913043 1.652366507398865e-50
6126086956.521739 1.4813130191562468e-50
6556521739.130434 1.3378620030588122e-50
6986956521.73913 1.2161566489145045e-50
7417391304.347826 1.1118464022785564e-50
7847826086.956521 1.0216391510600584e-50
8278260869.565217 9.430026695403621e-51
8708695652.173912 8.739607235317038e-51
9139130434.782608 8.129508192629544e-51
9569565217.391304 7.587230494022835e-51
10000000000.0 7.102669203630463e-51
